<?xml version="1.0" encoding="UTF-8"?>
<testng-results skipped="0" failed="0" ignored="0" total="1" passed="1">
  <reporter-output>
  </reporter-output>
  <suite name="Suite" duration-ms="14726" started-at="2019-06-17T11:17:59Z" finished-at="2019-06-17T11:18:14Z">
    <groups>
    </groups>
    <test name="Test" duration-ms="14726" started-at="2019-06-17T11:17:59Z" finished-at="2019-06-17T11:18:14Z">
      <class name="org.cucumber.util.Runner">
        <test-method status="PASS" signature="setUP(java.lang.String)[pri:0, instance:org.cucumber.util.Runner@59ec2012]" name="setUP" is-config="true" duration-ms="330" started-at="2019-06-17T16:47:59Z" finished-at="2019-06-17T16:47:59Z">
          <params>
            <param index="0">
              <value>
                <![CDATA[@test]]>
              </value>
            </param>
          </params>
          <reporter-output>
          </reporter-output>
        </test-method> <!-- setUP -->
        <test-method status="PASS" signature="runFeatures(cucumber.api.testng.CucumberFeatureWrapper)[pri:0, instance:org.cucumber.util.Runner@59ec2012]" name="runFeatures" duration-ms="14281" started-at="2019-06-17T16:47:59Z" data-provider="features" finished-at="2019-06-17T16:48:14Z">
          <params>
            <param index="0">
              <value>
                <![CDATA[Login verification check]]>
              </value>
            </param>
          </params>
          <reporter-output>
          </reporter-output>
        </test-method> <!-- runFeatures -->
        <test-method status="PASS" signature="tearDown()[pri:0, instance:org.cucumber.util.Runner@59ec2012]" name="tearDown" is-config="true" duration-ms="31" started-at="2019-06-17T16:48:14Z" finished-at="2019-06-17T16:48:14Z">
          <reporter-output>
          </reporter-output>
        </test-method> <!-- tearDown -->
      </class> <!-- org.cucumber.util.Runner -->
    </test> <!-- Test -->
  </suite> <!-- Suite -->
</testng-results>
